  [1m[36m (7.4ms)[0m  [1mCREATE TABLE "schema_migrations" ("version" character varying NOT NULL) [0m
  [1m[35m (2.3ms)[0m  CREATE UNIQUE INDEX  "unique_schema_migrations" ON "schema_migrations"  ("version")
  [1m[36mActiveRecord::SchemaMigration Load (0.5ms)[0m  [1mSELECT "schema_migrations".* FROM "schema_migrations"[0m
Migrating to CreateManufacturers (20150102143759)
  [1m[35m (0.2ms)[0m  BEGIN
DEPRECATION WARNING: `#timestamp` was called without specifying an option for `null`. In Rails 5, this behavior will change to `null: false`. You should manually specify `null: true` to prevent the behavior of your existing migrations from changing. (called from block in change at /Users/chriscerami/Dropbox/Horizon/car-listings/car-listings/db/migrate/20150102143759_create_manufacturers.rb:6)
  [1m[36m (5.3ms)[0m  [1mCREATE TABLE "manufacturers" ("id" serial primary key, "name" character varying NOT NULL, "country" character varying NOT NULL, "created_at" timestamp, "updated_at" timestamp) [0m
  [1m[35mSQL (0.5ms)[0m  INSERT INTO "schema_migrations" ("version") VALUES ($1)  [["version", "20150102143759"]]
  [1m[36m (0.4ms)[0m  [1mCOMMIT[0m
  [1m[35mActiveRecord::SchemaMigration Load (0.5ms)[0m  SELECT "schema_migrations".* FROM "schema_migrations"
  [1m[36m (10.0ms)[0m  [1mSELECT t2.oid::regclass::text AS to_table, a1.attname AS column, a2.attname AS primary_key, c.conname AS name, c.confupdtype AS on_update, c.confdeltype AS on_delete
FROM pg_constraint c
JOIN pg_class t1 ON c.conrelid = t1.oid
JOIN pg_class t2 ON c.confrelid = t2.oid
JOIN pg_attribute a1 ON a1.attnum = c.conkey[1] AND a1.attrelid = t1.oid
JOIN pg_attribute a2 ON a2.attnum = c.confkey[1] AND a2.attrelid = t2.oid
JOIN pg_namespace t3 ON c.connamespace = t3.oid
WHERE c.contype = 'f'
  AND t1.relname = 'manufacturers'
  AND t3.nspname = ANY (current_schemas(false))
ORDER BY c.conname
[0m
  [1m[36mActiveRecord::SchemaMigration Load (0.5ms)[0m  [1mSELECT "schema_migrations".* FROM "schema_migrations"[0m
Migrating to CreateCars (20150102153127)
  [1m[35m (0.2ms)[0m  BEGIN
  [1m[36m (11.3ms)[0m  [1mCREATE TABLE "cars" ("id" serial primary key, "color" character varying NOT NULL, "year" integer NOT NULL, "manufacturer_id" character varying NOT NULL, "mileage" integer NOT NULL, "description" text) [0m
  [1m[35mSQL (0.3ms)[0m  INSERT INTO "schema_migrations" ("version") VALUES ($1)  [["version", "20150102153127"]]
  [1m[36m (0.7ms)[0m  [1mCOMMIT[0m
  [1m[35mActiveRecord::SchemaMigration Load (0.2ms)[0m  SELECT "schema_migrations".* FROM "schema_migrations"
  [1m[36m (7.5ms)[0m  [1mSELECT t2.oid::regclass::text AS to_table, a1.attname AS column, a2.attname AS primary_key, c.conname AS name, c.confupdtype AS on_update, c.confdeltype AS on_delete
FROM pg_constraint c
JOIN pg_class t1 ON c.conrelid = t1.oid
JOIN pg_class t2 ON c.confrelid = t2.oid
JOIN pg_attribute a1 ON a1.attnum = c.conkey[1] AND a1.attrelid = t1.oid
JOIN pg_attribute a2 ON a2.attnum = c.confkey[1] AND a2.attrelid = t2.oid
JOIN pg_namespace t3 ON c.connamespace = t3.oid
WHERE c.contype = 'f'
  AND t1.relname = 'cars'
  AND t3.nspname = ANY (current_schemas(false))
ORDER BY c.conname
[0m
  [1m[35m (4.2ms)[0m  SELECT t2.oid::regclass::text AS to_table, a1.attname AS column, a2.attname AS primary_key, c.conname AS name, c.confupdtype AS on_update, c.confdeltype AS on_delete
FROM pg_constraint c
JOIN pg_class t1 ON c.conrelid = t1.oid
JOIN pg_class t2 ON c.confrelid = t2.oid
JOIN pg_attribute a1 ON a1.attnum = c.conkey[1] AND a1.attrelid = t1.oid
JOIN pg_attribute a2 ON a2.attnum = c.confkey[1] AND a2.attrelid = t2.oid
JOIN pg_namespace t3 ON c.connamespace = t3.oid
WHERE c.contype = 'f'
  AND t1.relname = 'manufacturers'
  AND t3.nspname = ANY (current_schemas(false))
ORDER BY c.conname



Started GET "/" for ::1 at 2015-01-02 11:00:48 -0500
  [1m[36mActiveRecord::SchemaMigration Load (0.6ms)[0m  [1mSELECT "schema_migrations".* FROM "schema_migrations"[0m
Processing by HomesController#show as HTML
  Rendered homes/show.html.erb within layouts/application (1.7ms)
Completed 200 OK in 857ms (Views: 845.8ms | ActiveRecord: 0.0ms)


Started GET "/assets/jquery-eb3e278249152b5b5d5170b73d9dbf52.js?body=1" for ::1 at 2015-01-02 11:00:49 -0500


Started GET "/assets/application-823e88bf1231c4323ee1d35731d8f1b6.css?body=1" for ::1 at 2015-01-02 11:00:49 -0500


Started GET "/assets/jquery_ujs-0b8f09cf5aec4ba1be1abd9f915c77e2.js?body=1" for ::1 at 2015-01-02 11:00:49 -0500


Started GET "/assets/turbolinks-924184401b7d116eadaaefc96895fa84.js?body=1" for ::1 at 2015-01-02 11:00:49 -0500


Started GET "/assets/application-87bd87b2b6448711535da63878431bdf.js?body=1" for ::1 at 2015-01-02 11:00:49 -0500


Started GET "/manufacturers" for ::1 at 2015-01-02 11:00:54 -0500
Processing by ManufacturersController#index as HTML
  [1m[35mManufacturer Load (1.4ms)[0m  SELECT "manufacturers".* FROM "manufacturers"
  Rendered manufacturers/index.html.erb within layouts/application (6.3ms)
Completed 200 OK in 59ms (Views: 46.3ms | ActiveRecord: 3.2ms)


Started GET "/manufacturers/new" for ::1 at 2015-01-02 11:00:56 -0500
Processing by ManufacturersController#new as HTML
  Rendered manufacturers/new.html.erb within layouts/application (20.3ms)
Completed 200 OK in 64ms (Views: 56.4ms | ActiveRecord: 3.5ms)


Started POST "/manufacturers" for ::1 at 2015-01-02 11:01:01 -0500
Processing by ManufacturersController#create as HTML
  Parameters: {"utf8"=>"✓", "authenticity_token"=>"YhvP5DKT7+DUwI7MkKYmT1MAtdWpZPWiajFvcC3fd9d3T8OFKeiMAl2WUjDGw/1q2Oc6Jv2s2KKZhWLaLXLhsg==", "manufacturer"=>{"name"=>"Toyota", "country"=>"Japan"}, "commit"=>"Create Manufacturer"}
  [1m[36m (0.2ms)[0m  [1mBEGIN[0m
  [1m[35mSQL (1.0ms)[0m  INSERT INTO "manufacturers" ("name", "country", "created_at", "updated_at") VALUES ($1, $2, $3, $4) RETURNING "id"  [["name", "Toyota"], ["country", "Japan"], ["created_at", "2015-01-02 16:01:01.461933"], ["updated_at", "2015-01-02 16:01:01.461933"]]
  [1m[36m (0.5ms)[0m  [1mCOMMIT[0m
Redirected to http://localhost:3000/manufacturers
Completed 302 Found in 12ms (ActiveRecord: 2.0ms)


Started GET "/manufacturers" for ::1 at 2015-01-02 11:01:01 -0500
Processing by ManufacturersController#index as HTML
  [1m[35mManufacturer Load (0.5ms)[0m  SELECT "manufacturers".* FROM "manufacturers"
  Rendered manufacturers/index.html.erb within layouts/application (1.9ms)
Completed 200 OK in 38ms (Views: 36.3ms | ActiveRecord: 0.5ms)


Started GET "/manufacturers/new" for ::1 at 2015-01-02 11:01:03 -0500
Processing by ManufacturersController#new as HTML
  Rendered manufacturers/new.html.erb within layouts/application (1.7ms)
Completed 200 OK in 39ms (Views: 37.9ms | ActiveRecord: 0.0ms)


Started POST "/manufacturers" for ::1 at 2015-01-02 11:01:08 -0500
Processing by ManufacturersController#create as HTML
  Parameters: {"utf8"=>"✓", "authenticity_token"=>"E2jf8f0W3AQVWqLPnk54C8UJD1ps1ez1pqI6ahV+eeUGPNOQ5m2/5pwMfjPIK6MuTu6AqTgdwfVVFjfAFdPvgA==", "manufacturer"=>{"name"=>"Ford", "country"=>"USA"}, "commit"=>"Create Manufacturer"}
  [1m[36m (0.2ms)[0m  [1mBEGIN[0m
  [1m[35mSQL (0.3ms)[0m  INSERT INTO "manufacturers" ("name", "country", "created_at", "updated_at") VALUES ($1, $2, $3, $4) RETURNING "id"  [["name", "Ford"], ["country", "USA"], ["created_at", "2015-01-02 16:01:08.550557"], ["updated_at", "2015-01-02 16:01:08.550557"]]
  [1m[36m (0.4ms)[0m  [1mCOMMIT[0m
Redirected to http://localhost:3000/manufacturers
Completed 302 Found in 4ms (ActiveRecord: 0.8ms)


Started GET "/manufacturers" for ::1 at 2015-01-02 11:01:08 -0500
Processing by ManufacturersController#index as HTML
  [1m[35mManufacturer Load (0.4ms)[0m  SELECT "manufacturers".* FROM "manufacturers"
  Rendered manufacturers/index.html.erb within layouts/application (1.2ms)
Completed 200 OK in 60ms (Views: 58.9ms | ActiveRecord: 0.4ms)


Started GET "/manufacturers/1" for ::1 at 2015-01-02 11:01:10 -0500
Processing by ManufacturersController#show as HTML
  Parameters: {"id"=>"1"}
  [1m[36mManufacturer Load (0.3ms)[0m  [1mSELECT  "manufacturers".* FROM "manufacturers" WHERE "manufacturers"."id" = $1 LIMIT 1[0m  [["id", 1]]
  Rendered manufacturers/show.html.erb within layouts/application (1.2ms)
Completed 200 OK in 53ms (Views: 44.9ms | ActiveRecord: 0.3ms)


Started GET "/manufacturers/1/cars/new" for ::1 at 2015-01-02 11:01:11 -0500
Processing by CarsController#new as HTML
  Parameters: {"manufacturer_id"=>"1"}
  [1m[35mManufacturer Load (0.4ms)[0m  SELECT  "manufacturers".* FROM "manufacturers" WHERE "manufacturers"."id" = $1 LIMIT 1  [["id", 1]]
  Rendered cars/new.html.erb within layouts/application (8.0ms)
Completed 200 OK in 60ms (Views: 47.8ms | ActiveRecord: 2.5ms)


Started GET "/manufacturers" for ::1 at 2015-01-02 11:01:16 -0500
Processing by ManufacturersController#index as HTML
  [1m[36mManufacturer Load (0.4ms)[0m  [1mSELECT "manufacturers".* FROM "manufacturers"[0m
  Rendered manufacturers/index.html.erb within layouts/application (1.7ms)
Completed 200 OK in 55ms (Views: 53.6ms | ActiveRecord: 0.4ms)


Started GET "/manufacturers" for ::1 at 2015-01-02 11:01:17 -0500
Processing by ManufacturersController#index as HTML
  [1m[35mManufacturer Load (0.4ms)[0m  SELECT "manufacturers".* FROM "manufacturers"
  Rendered manufacturers/index.html.erb within layouts/application (1.5ms)
Completed 200 OK in 49ms (Views: 47.7ms | ActiveRecord: 0.4ms)


Started GET "/" for ::1 at 2015-01-02 11:01:19 -0500
Processing by HomesController#show as HTML
  Rendered homes/show.html.erb within layouts/application (0.3ms)
Completed 200 OK in 34ms (Views: 33.7ms | ActiveRecord: 0.0ms)


Started GET "/cars" for ::1 at 2015-01-02 11:01:20 -0500
Processing by CarsController#index as HTML
  [1m[36mCar Load (5.4ms)[0m  [1mSELECT "cars".* FROM "cars"[0m
  Rendered cars/index.html.erb within layouts/application (6.5ms)
Completed 200 OK in 62ms (Views: 55.8ms | ActiveRecord: 5.4ms)


Started GET "/manufacturers" for ::1 at 2015-01-02 11:01:23 -0500
Processing by ManufacturersController#index as HTML
  [1m[35mManufacturer Load (0.6ms)[0m  SELECT "manufacturers".* FROM "manufacturers"
  Rendered manufacturers/index.html.erb within layouts/application (2.0ms)
Completed 200 OK in 42ms (Views: 40.6ms | ActiveRecord: 0.6ms)


Started GET "/manufacturers/1" for ::1 at 2015-01-02 11:01:24 -0500
Processing by ManufacturersController#show as HTML
  Parameters: {"id"=>"1"}
  [1m[36mManufacturer Load (0.4ms)[0m  [1mSELECT  "manufacturers".* FROM "manufacturers" WHERE "manufacturers"."id" = $1 LIMIT 1[0m  [["id", 1]]
  Rendered manufacturers/show.html.erb within layouts/application (0.2ms)
Completed 200 OK in 38ms (Views: 36.8ms | ActiveRecord: 0.4ms)


Started GET "/manufacturers/1/cars/new" for ::1 at 2015-01-02 11:01:25 -0500
Processing by CarsController#new as HTML
  Parameters: {"manufacturer_id"=>"1"}
  [1m[35mManufacturer Load (0.4ms)[0m  SELECT  "manufacturers".* FROM "manufacturers" WHERE "manufacturers"."id" = $1 LIMIT 1  [["id", 1]]
  Rendered cars/new.html.erb within layouts/application (3.7ms)
Completed 200 OK in 42ms (Views: 40.1ms | ActiveRecord: 0.4ms)


Started POST "/manufacturers/1/cars" for ::1 at 2015-01-02 11:01:53 -0500
Processing by CarsController#create as HTML
  Parameters: {"utf8"=>"✓", "authenticity_token"=>"ecW55OCARI5j8FqsTMHiYBJqaXZNQR+1ohstENMwe2FskbWF+/snbOqmhlAapDlFmY3mhRmJMrVRryC6053tBA==", "car"=>{"color"=>"Magnetic Gray", "year"=>"2010", "mileage"=>"71000", "description"=>"This is my car"}, "commit"=>"Create Car", "manufacturer_id"=>"1"}
  [1m[36mManufacturer Load (0.4ms)[0m  [1mSELECT  "manufacturers".* FROM "manufacturers" WHERE "manufacturers"."id" = $1 LIMIT 1[0m  [["id", 1]]
  [1m[35m (0.2ms)[0m  BEGIN
  [1m[36mSQL (0.7ms)[0m  [1mINSERT INTO "cars" ("color", "year", "mileage", "description", "manufacturer_id") VALUES ($1, $2, $3, $4, $5) RETURNING "id"[0m  [["color", "Magnetic Gray"], ["year", 2010], ["mileage", 71000], ["description", "This is my car"], ["manufacturer_id", "1"]]
  [1m[35m (0.3ms)[0m  COMMIT
Redirected to http://localhost:3000/cars
Completed 302 Found in 28ms (ActiveRecord: 1.6ms)


Started GET "/cars" for ::1 at 2015-01-02 11:01:53 -0500
Processing by CarsController#index as HTML
  [1m[36mCar Load (0.6ms)[0m  [1mSELECT "cars".* FROM "cars"[0m
  [1m[35mManufacturer Load (0.3ms)[0m  SELECT  "manufacturers".* FROM "manufacturers" WHERE "manufacturers"."id" = $1 LIMIT 1  [["id", 1]]
  Rendered cars/index.html.erb within layouts/application (3.3ms)
Completed 200 OK in 38ms (Views: 36.1ms | ActiveRecord: 0.9ms)


Started GET "/cars" for ::1 at 2015-01-02 11:01:58 -0500
Processing by CarsController#index as HTML
  [1m[36mCar Load (0.3ms)[0m  [1mSELECT "cars".* FROM "cars"[0m
  [1m[35mManufacturer Load (0.2ms)[0m  SELECT  "manufacturers".* FROM "manufacturers" WHERE "manufacturers"."id" = $1 LIMIT 1  [["id", 1]]
  Rendered cars/index.html.erb within layouts/application (1.9ms)
Completed 200 OK in 42ms (Views: 40.2ms | ActiveRecord: 0.6ms)


Started GET "/assets/jquery_ujs-0b8f09cf5aec4ba1be1abd9f915c77e2.js?body=1" for ::1 at 2015-01-02 11:01:58 -0500


Started GET "/assets/application-823e88bf1231c4323ee1d35731d8f1b6.css?body=1" for ::1 at 2015-01-02 11:01:58 -0500


Started GET "/assets/application-87bd87b2b6448711535da63878431bdf.js?body=1" for ::1 at 2015-01-02 11:01:58 -0500


Started GET "/assets/turbolinks-924184401b7d116eadaaefc96895fa84.js?body=1" for ::1 at 2015-01-02 11:01:58 -0500


Started GET "/assets/jquery-eb3e278249152b5b5d5170b73d9dbf52.js?body=1" for ::1 at 2015-01-02 11:01:58 -0500


Started GET "/" for ::1 at 2015-01-02 11:02:03 -0500
Processing by HomesController#show as HTML
  Rendered homes/show.html.erb within layouts/application (0.3ms)
Completed 200 OK in 36ms (Views: 35.2ms | ActiveRecord: 0.0ms)


Started GET "/assets/application-823e88bf1231c4323ee1d35731d8f1b6.css?body=1" for ::1 at 2015-01-02 11:02:03 -0500


Started GET "/assets/application-87bd87b2b6448711535da63878431bdf.js?body=1" for ::1 at 2015-01-02 11:02:03 -0500


Started GET "/assets/jquery_ujs-0b8f09cf5aec4ba1be1abd9f915c77e2.js?body=1" for ::1 at 2015-01-02 11:02:03 -0500


Started GET "/assets/turbolinks-924184401b7d116eadaaefc96895fa84.js?body=1" for ::1 at 2015-01-02 11:02:03 -0500


Started GET "/assets/jquery-eb3e278249152b5b5d5170b73d9dbf52.js?body=1" for ::1 at 2015-01-02 11:02:03 -0500


Started GET "/manufacturers" for ::1 at 2015-01-02 11:02:04 -0500
Processing by ManufacturersController#index as HTML
  [1m[36mManufacturer Load (0.4ms)[0m  [1mSELECT "manufacturers".* FROM "manufacturers"[0m
  Rendered manufacturers/index.html.erb within layouts/application (1.4ms)
Completed 200 OK in 41ms (Views: 39.6ms | ActiveRecord: 0.4ms)


Started GET "/manufacturers/1" for ::1 at 2015-01-02 11:02:06 -0500
Processing by ManufacturersController#show as HTML
  Parameters: {"id"=>"1"}
  [1m[35mManufacturer Load (0.3ms)[0m  SELECT  "manufacturers".* FROM "manufacturers" WHERE "manufacturers"."id" = $1 LIMIT 1  [["id", 1]]
  Rendered manufacturers/show.html.erb within layouts/application (0.2ms)
Completed 200 OK in 38ms (Views: 36.7ms | ActiveRecord: 0.3ms)


Started GET "/" for ::1 at 2015-01-02 11:03:45 -0500
Processing by HomesController#show as HTML
  Rendered homes/show.html.erb within layouts/application (0.2ms)
Completed 200 OK in 40ms (Views: 38.8ms | ActiveRecord: 0.0ms)


Started GET "/assets/jquery_ujs-0b8f09cf5aec4ba1be1abd9f915c77e2.js?body=1" for ::1 at 2015-01-02 11:03:45 -0500


Started GET "/assets/turbolinks-924184401b7d116eadaaefc96895fa84.js?body=1" for ::1 at 2015-01-02 11:03:45 -0500


Started GET "/assets/application-823e88bf1231c4323ee1d35731d8f1b6.css?body=1" for ::1 at 2015-01-02 11:03:45 -0500


Started GET "/assets/jquery-eb3e278249152b5b5d5170b73d9dbf52.js?body=1" for ::1 at 2015-01-02 11:03:45 -0500


Started GET "/assets/application-87bd87b2b6448711535da63878431bdf.js?body=1" for ::1 at 2015-01-02 11:03:45 -0500


Started GET "/cars" for ::1 at 2015-01-02 11:03:47 -0500
Processing by CarsController#index as HTML
  [1m[36mCar Load (0.6ms)[0m  [1mSELECT "cars".* FROM "cars"[0m
  [1m[35mManufacturer Load (0.4ms)[0m  SELECT  "manufacturers".* FROM "manufacturers" WHERE "manufacturers"."id" = $1 LIMIT 1  [["id", 1]]
  Rendered cars/index.html.erb within layouts/application (4.5ms)
Completed 200 OK in 43ms (Views: 41.2ms | ActiveRecord: 1.0ms)


Started GET "/cars/1" for ::1 at 2015-01-02 11:03:48 -0500

AbstractController::ActionNotFound (The action 'show' could not be found for CarsController):
  actionpack (4.2.0) lib/abstract_controller/base.rb:132:in `process'
  actionview (4.2.0) lib/action_view/rendering.rb:30:in `process'
  actionpack (4.2.0) lib/action_controller/metal.rb:195:in `dispatch'
  actionpack (4.2.0) lib/action_controller/metal/rack_delegation.rb:13:in `dispatch'
  actionpack (4.2.0) lib/action_controller/metal.rb:236:in `block in action'
  actionpack (4.2.0) lib/action_dispatch/routing/route_set.rb:73:in `call'
  actionpack (4.2.0) lib/action_dispatch/routing/route_set.rb:73:in `dispatch'
  actionpack (4.2.0) lib/action_dispatch/routing/route_set.rb:42:in `serve'
  actionpack (4.2.0) lib/action_dispatch/journey/router.rb:43:in `block in serve'
  actionpack (4.2.0) lib/action_dispatch/journey/router.rb:30:in `each'
  actionpack (4.2.0) lib/action_dispatch/journey/router.rb:30:in `serve'
  actionpack (4.2.0) lib/action_dispatch/routing/route_set.rb:802:in `call'
  rack (1.6.0) lib/rack/etag.rb:24:in `call'
  rack (1.6.0) lib/rack/conditionalget.rb:25:in `call'
  rack (1.6.0) lib/rack/head.rb:13:in `call'
  actionpack (4.2.0) lib/action_dispatch/middleware/params_parser.rb:27:in `call'
  actionpack (4.2.0) lib/action_dispatch/middleware/flash.rb:260:in `call'
  rack (1.6.0) lib/rack/session/abstract/id.rb:225:in `context'
  rack (1.6.0) lib/rack/session/abstract/id.rb:220:in `call'
  actionpack (4.2.0) lib/action_dispatch/middleware/cookies.rb:560:in `call'
  activerecord (4.2.0) lib/active_record/query_cache.rb:36:in `call'
  activerecord (4.2.0) lib/active_record/connection_adapters/abstract/connection_pool.rb:647:in `call'
  activerecord (4.2.0) lib/active_record/migration.rb:378:in `call'
  actionpack (4.2.0) lib/action_dispatch/middleware/callbacks.rb:29:in `block in call'
  activesupport (4.2.0) lib/active_support/callbacks.rb:88:in `call'
  activesupport (4.2.0) lib/active_support/callbacks.rb:88:in `_run_callbacks'
  activesupport (4.2.0) lib/active_support/callbacks.rb:734:in `_run_call_callbacks'
  activesupport (4.2.0) lib/active_support/callbacks.rb:81:in `run_callbacks'
  actionpack (4.2.0) lib/action_dispatch/middleware/callbacks.rb:27:in `call'
  actionpack (4.2.0) lib/action_dispatch/middleware/reloader.rb:73:in `call'
  actionpack (4.2.0) lib/action_dispatch/middleware/remote_ip.rb:78:in `call'
  web-console (2.0.0) lib/action_dispatch/debug_exceptions.rb:18:in `middleware_call'
  web-console (2.0.0) lib/action_dispatch/debug_exceptions.rb:13:in `call'
  actionpack (4.2.0) lib/action_dispatch/middleware/show_exceptions.rb:30:in `call'
  railties (4.2.0) lib/rails/rack/logger.rb:38:in `call_app'
  railties (4.2.0) lib/rails/rack/logger.rb:20:in `block in call'
  activesupport (4.2.0) lib/active_support/tagged_logging.rb:68:in `block in tagged'
  activesupport (4.2.0) lib/active_support/tagged_logging.rb:26:in `tagged'
  activesupport (4.2.0) lib/active_support/tagged_logging.rb:68:in `tagged'
  railties (4.2.0) lib/rails/rack/logger.rb:20:in `call'
  actionpack (4.2.0) lib/action_dispatch/middleware/request_id.rb:21:in `call'
  rack (1.6.0) lib/rack/methodoverride.rb:22:in `call'
  rack (1.6.0) lib/rack/runtime.rb:18:in `call'
  activesupport (4.2.0) lib/active_support/cache/strategy/local_cache_middleware.rb:28:in `call'
  rack (1.6.0) lib/rack/lock.rb:17:in `call'
  actionpack (4.2.0) lib/action_dispatch/middleware/static.rb:113:in `call'
  rack (1.6.0) lib/rack/sendfile.rb:113:in `call'
  railties (4.2.0) lib/rails/engine.rb:518:in `call'
  railties (4.2.0) lib/rails/application.rb:164:in `call'
  rack (1.6.0) lib/rack/lock.rb:17:in `call'
  rack (1.6.0) lib/rack/content_length.rb:15:in `call'
  rack (1.6.0) lib/rack/handler/webrick.rb:89:in `service'
  /opt/rubies/ruby-2.1.2/lib/ruby/2.1.0/webrick/httpserver.rb:138:in `service'
  /opt/rubies/ruby-2.1.2/lib/ruby/2.1.0/webrick/httpserver.rb:94:in `run'
  /opt/rubies/ruby-2.1.2/lib/ruby/2.1.0/webrick/server.rb:295:in `block in start_thread'


  Rendered /Users/chriscerami/.gem/ruby/2.1.2/gems/web-console-2.0.0/lib/action_dispatch/templates/rescues/unknown_action.html.erb within rescues/layout (0.7ms)


Started GET "/cars/1" for ::1 at 2015-01-02 11:03:48 -0500

AbstractController::ActionNotFound (The action 'show' could not be found for CarsController):
  actionpack (4.2.0) lib/abstract_controller/base.rb:132:in `process'
  actionview (4.2.0) lib/action_view/rendering.rb:30:in `process'
  actionpack (4.2.0) lib/action_controller/metal.rb:195:in `dispatch'
  actionpack (4.2.0) lib/action_controller/metal/rack_delegation.rb:13:in `dispatch'
  actionpack (4.2.0) lib/action_controller/metal.rb:236:in `block in action'
  actionpack (4.2.0) lib/action_dispatch/routing/route_set.rb:73:in `call'
  actionpack (4.2.0) lib/action_dispatch/routing/route_set.rb:73:in `dispatch'
  actionpack (4.2.0) lib/action_dispatch/routing/route_set.rb:42:in `serve'
  actionpack (4.2.0) lib/action_dispatch/journey/router.rb:43:in `block in serve'
  actionpack (4.2.0) lib/action_dispatch/journey/router.rb:30:in `each'
  actionpack (4.2.0) lib/action_dispatch/journey/router.rb:30:in `serve'
  actionpack (4.2.0) lib/action_dispatch/routing/route_set.rb:802:in `call'
  rack (1.6.0) lib/rack/etag.rb:24:in `call'
  rack (1.6.0) lib/rack/conditionalget.rb:25:in `call'
  rack (1.6.0) lib/rack/head.rb:13:in `call'
  actionpack (4.2.0) lib/action_dispatch/middleware/params_parser.rb:27:in `call'
  actionpack (4.2.0) lib/action_dispatch/middleware/flash.rb:260:in `call'
  rack (1.6.0) lib/rack/session/abstract/id.rb:225:in `context'
  rack (1.6.0) lib/rack/session/abstract/id.rb:220:in `call'
  actionpack (4.2.0) lib/action_dispatch/middleware/cookies.rb:560:in `call'
  activerecord (4.2.0) lib/active_record/query_cache.rb:36:in `call'
  activerecord (4.2.0) lib/active_record/connection_adapters/abstract/connection_pool.rb:647:in `call'
  activerecord (4.2.0) lib/active_record/migration.rb:378:in `call'
  actionpack (4.2.0) lib/action_dispatch/middleware/callbacks.rb:29:in `block in call'
  activesupport (4.2.0) lib/active_support/callbacks.rb:88:in `call'
  activesupport (4.2.0) lib/active_support/callbacks.rb:88:in `_run_callbacks'
  activesupport (4.2.0) lib/active_support/callbacks.rb:734:in `_run_call_callbacks'
  activesupport (4.2.0) lib/active_support/callbacks.rb:81:in `run_callbacks'
  actionpack (4.2.0) lib/action_dispatch/middleware/callbacks.rb:27:in `call'
  actionpack (4.2.0) lib/action_dispatch/middleware/reloader.rb:73:in `call'
  actionpack (4.2.0) lib/action_dispatch/middleware/remote_ip.rb:78:in `call'
  web-console (2.0.0) lib/action_dispatch/debug_exceptions.rb:18:in `middleware_call'
  web-console (2.0.0) lib/action_dispatch/debug_exceptions.rb:13:in `call'
  actionpack (4.2.0) lib/action_dispatch/middleware/show_exceptions.rb:30:in `call'
  railties (4.2.0) lib/rails/rack/logger.rb:38:in `call_app'
  railties (4.2.0) lib/rails/rack/logger.rb:20:in `block in call'
  activesupport (4.2.0) lib/active_support/tagged_logging.rb:68:in `block in tagged'
  activesupport (4.2.0) lib/active_support/tagged_logging.rb:26:in `tagged'
  activesupport (4.2.0) lib/active_support/tagged_logging.rb:68:in `tagged'
  railties (4.2.0) lib/rails/rack/logger.rb:20:in `call'
  actionpack (4.2.0) lib/action_dispatch/middleware/request_id.rb:21:in `call'
  rack (1.6.0) lib/rack/methodoverride.rb:22:in `call'
  rack (1.6.0) lib/rack/runtime.rb:18:in `call'
  activesupport (4.2.0) lib/active_support/cache/strategy/local_cache_middleware.rb:28:in `call'
  rack (1.6.0) lib/rack/lock.rb:17:in `call'
  actionpack (4.2.0) lib/action_dispatch/middleware/static.rb:113:in `call'
  rack (1.6.0) lib/rack/sendfile.rb:113:in `call'
  railties (4.2.0) lib/rails/engine.rb:518:in `call'
  railties (4.2.0) lib/rails/application.rb:164:in `call'
  rack (1.6.0) lib/rack/lock.rb:17:in `call'
  rack (1.6.0) lib/rack/content_length.rb:15:in `call'
  rack (1.6.0) lib/rack/handler/webrick.rb:89:in `service'
  /opt/rubies/ruby-2.1.2/lib/ruby/2.1.0/webrick/httpserver.rb:138:in `service'
  /opt/rubies/ruby-2.1.2/lib/ruby/2.1.0/webrick/httpserver.rb:94:in `run'
  /opt/rubies/ruby-2.1.2/lib/ruby/2.1.0/webrick/server.rb:295:in `block in start_thread'


  Rendered /Users/chriscerami/.gem/ruby/2.1.2/gems/web-console-2.0.0/lib/action_dispatch/templates/rescues/unknown_action.html.erb within rescues/layout (0.5ms)
